{
  "numFailedTestSuites": 0,
  "numFailedTests": 0,
  "numPassedTestSuites": 1,
  "numPassedTests": 69,
  "numPendingTestSuites": 1,
  "numPendingTests": 27,
  "numRuntimeErrorTestSuites": 0,
  "numTodoTests": 0,
  "numTotalTestSuites": 2,
  "numTotalTests": 96,
  "openHandles": [],
  "snapshot": {
    "added": 0,
    "didUpdate": false,
    "failure": false,
    "filesAdded": 0,
    "filesRemoved": 0,
    "filesRemovedList": [],
    "filesUnmatched": 0,
    "filesUpdated": 0,
    "matched": 0,
    "total": 0,
    "unchecked": 0,
    "uncheckedKeysByFile": [],
    "unmatched": 0,
    "updated": 0
  },
  "startTime": 1742505152025,
  "success": true,
  "testResults": [
    {
      "assertionResults": [
        {
          "ancestorTitles": [
            "Selectors",
            "Basic selectors"
          ],
          "duration": 9,
          "failureDetails": [],
          "failureMessages": [],
          "fullName": "Selectors Basic selectors should select by literal IPA symbols",
          "invocations": 1,
          "location": null,
          "numPassingAsserts": 1,
          "retryReasons": [],
          "status": "passed",
          "title": "should select by literal IPA symbols"
        },
        {
          "ancestorTitles": [
            "Selectors",
            "Basic selectors"
          ],
          "duration": 4,
          "failureDetails": [],
          "failureMessages": [],
          "fullName": "Selectors Basic selectors selector * should select all phonemes on left side of environment",
          "invocations": 1,
          "location": null,
          "numPassingAsserts": 1,
          "retryReasons": [],
          "status": "passed",
          "title": "selector * should select all phonemes on left side of environment"
        },
        {
          "ancestorTitles": [
            "Selectors",
            "Basic selectors"
          ],
          "duration": 5,
          "failureDetails": [],
          "failureMessages": [],
          "fullName": "Selectors Basic selectors selector * should select all phonemes on right side of environment",
          "invocations": 1,
          "location": null,
          "numPassingAsserts": 1,
          "retryReasons": [],
          "status": "passed",
          "title": "selector * should select all phonemes on right side of environment"
        },
        {
          "ancestorTitles": [
            "Selectors",
            "Category selectors",
            "[vowel]"
          ],
          "duration": 4,
          "failureDetails": [],
          "failureMessages": [],
          "fullName": "Selectors Category selectors [vowel] should select only vowel phonemes (left-hand side)",
          "invocations": 1,
          "location": null,
          "numPassingAsserts": 1,
          "retryReasons": [],
          "status": "passed",
          "title": "should select only vowel phonemes (left-hand side)"
        },
        {
          "ancestorTitles": [
            "Selectors",
            "Category selectors",
            "[vowel]"
          ],
          "duration": 3,
          "failureDetails": [],
          "failureMessages": [],
          "fullName": "Selectors Category selectors [vowel] should select only vowel phonemes (right-hand side)",
          "invocations": 1,
          "location": null,
          "numPassingAsserts": 1,
          "retryReasons": [],
          "status": "passed",
          "title": "should select only vowel phonemes (right-hand side)"
        },
        {
          "ancestorTitles": [
            "Selectors",
            "Category selectors",
            "[consonant]"
          ],
          "duration": 4,
          "failureDetails": [],
          "failureMessages": [],
          "fullName": "Selectors Category selectors [consonant] should select only consonant phonemes (left-hand side)",
          "invocations": 1,
          "location": null,
          "numPassingAsserts": 1,
          "retryReasons": [],
          "status": "passed",
          "title": "should select only consonant phonemes (left-hand side)"
        },
        {
          "ancestorTitles": [
            "Selectors",
            "Category selectors",
            "[consonant]"
          ],
          "duration": 4,
          "failureDetails": [],
          "failureMessages": [],
          "fullName": "Selectors Category selectors [consonant] should select only consonant phonemes (right-hand side)",
          "invocations": 1,
          "location": null,
          "numPassingAsserts": 1,
          "retryReasons": [],
          "status": "passed",
          "title": "should select only consonant phonemes (right-hand side)"
        },
        {
          "ancestorTitles": [
            "Selectors",
            "Height selectors",
            "[open]"
          ],
          "duration": 6,
          "failureDetails": [],
          "failureMessages": [],
          "fullName": "Selectors Height selectors [open] should select only phonemes with the \"open\" vector (left-hand side)",
          "invocations": 1,
          "location": null,
          "numPassingAsserts": 1,
          "retryReasons": [],
          "status": "passed",
          "title": "should select only phonemes with the \"open\" vector (left-hand side)"
        },
        {
          "ancestorTitles": [
            "Selectors",
            "Height selectors",
            "[open]"
          ],
          "duration": 3,
          "failureDetails": [],
          "failureMessages": [],
          "fullName": "Selectors Height selectors [open] should select only consonant phonemes (right-hand side)",
          "invocations": 1,
          "location": null,
          "numPassingAsserts": 1,
          "retryReasons": [],
          "status": "passed",
          "title": "should select only consonant phonemes (right-hand side)"
        },
        {
          "ancestorTitles": [
            "Selectors",
            "Height selectors",
            "[openMid]"
          ],
          "duration": 4,
          "failureDetails": [],
          "failureMessages": [],
          "fullName": "Selectors Height selectors [openMid] should select only phonemes with the \"openMid\" vector (left-hand side)",
          "invocations": 1,
          "location": null,
          "numPassingAsserts": 1,
          "retryReasons": [],
          "status": "passed",
          "title": "should select only phonemes with the \"openMid\" vector (left-hand side)"
        },
        {
          "ancestorTitles": [
            "Selectors",
            "Height selectors",
            "[openMid]"
          ],
          "duration": 4,
          "failureDetails": [],
          "failureMessages": [],
          "fullName": "Selectors Height selectors [openMid] should select only phonemes with the \"openMid\" vector (right-hand side)",
          "invocations": 1,
          "location": null,
          "numPassingAsserts": 1,
          "retryReasons": [],
          "status": "passed",
          "title": "should select only phonemes with the \"openMid\" vector (right-hand side)"
        },
        {
          "ancestorTitles": [
            "Selectors",
            "Height selectors",
            "[mid]"
          ],
          "duration": 8,
          "failureDetails": [],
          "failureMessages": [],
          "fullName": "Selectors Height selectors [mid] should select only phonemes with the \"mid\" vector (left-hand side)",
          "invocations": 1,
          "location": null,
          "numPassingAsserts": 1,
          "retryReasons": [],
          "status": "passed",
          "title": "should select only phonemes with the \"mid\" vector (left-hand side)"
        },
        {
          "ancestorTitles": [
            "Selectors",
            "Height selectors",
            "[mid]"
          ],
          "duration": 8,
          "failureDetails": [],
          "failureMessages": [],
          "fullName": "Selectors Height selectors [mid] should select only phonemes with the \"mid\" vector (right-hand side)",
          "invocations": 1,
          "location": null,
          "numPassingAsserts": 1,
          "retryReasons": [],
          "status": "passed",
          "title": "should select only phonemes with the \"mid\" vector (right-hand side)"
        },
        {
          "ancestorTitles": [
            "Selectors",
            "Height selectors",
            "[closeMid]"
          ],
          "duration": 3,
          "failureDetails": [],
          "failureMessages": [],
          "fullName": "Selectors Height selectors [closeMid] should select only phonemes with the \"closeMid\" vector (left-hand side)",
          "invocations": 1,
          "location": null,
          "numPassingAsserts": 1,
          "retryReasons": [],
          "status": "passed",
          "title": "should select only phonemes with the \"closeMid\" vector (left-hand side)"
        },
        {
          "ancestorTitles": [
            "Selectors",
            "Height selectors",
            "[closeMid]"
          ],
          "duration": 3,
          "failureDetails": [],
          "failureMessages": [],
          "fullName": "Selectors Height selectors [closeMid] should select only phonemes with the \"closeMid\" vector (right-hand side)",
          "invocations": 1,
          "location": null,
          "numPassingAsserts": 1,
          "retryReasons": [],
          "status": "passed",
          "title": "should select only phonemes with the \"closeMid\" vector (right-hand side)"
        },
        {
          "ancestorTitles": [
            "Selectors",
            "Height selectors",
            "[close]"
          ],
          "duration": 3,
          "failureDetails": [],
          "failureMessages": [],
          "fullName": "Selectors Height selectors [close] should select only phonemes with the \"close\" vector (left-hand side)",
          "invocations": 1,
          "location": null,
          "numPassingAsserts": 1,
          "retryReasons": [],
          "status": "passed",
          "title": "should select only phonemes with the \"close\" vector (left-hand side)"
        },
        {
          "ancestorTitles": [
            "Selectors",
            "Height selectors",
            "[close]"
          ],
          "duration": 3,
          "failureDetails": [],
          "failureMessages": [],
          "fullName": "Selectors Height selectors [close] should select only phonemes with the \"close\" vector (right-hand side)",
          "invocations": 1,
          "location": null,
          "numPassingAsserts": 1,
          "retryReasons": [],
          "status": "passed",
          "title": "should select only phonemes with the \"close\" vector (right-hand side)"
        },
        {
          "ancestorTitles": [
            "Selectors",
            "Position selectors",
            "[front]"
          ],
          "duration": 3,
          "failureDetails": [],
          "failureMessages": [],
          "fullName": "Selectors Position selectors [front] should select only phonemes with the \"front\" vector (left-hand side)",
          "invocations": 1,
          "location": null,
          "numPassingAsserts": 1,
          "retryReasons": [],
          "status": "passed",
          "title": "should select only phonemes with the \"front\" vector (left-hand side)"
        },
        {
          "ancestorTitles": [
            "Selectors",
            "Position selectors",
            "[front]"
          ],
          "duration": 3,
          "failureDetails": [],
          "failureMessages": [],
          "fullName": "Selectors Position selectors [front] should select only phonemes with the \"front\" vector (right-hand side)",
          "invocations": 1,
          "location": null,
          "numPassingAsserts": 1,
          "retryReasons": [],
          "status": "passed",
          "title": "should select only phonemes with the \"front\" vector (right-hand side)"
        },
        {
          "ancestorTitles": [
            "Selectors",
            "Position selectors",
            "[central]"
          ],
          "duration": 3,
          "failureDetails": [],
          "failureMessages": [],
          "fullName": "Selectors Position selectors [central] should select only phonemes with the \"central\" vector (left-hand side)",
          "invocations": 1,
          "location": null,
          "numPassingAsserts": 1,
          "retryReasons": [],
          "status": "passed",
          "title": "should select only phonemes with the \"central\" vector (left-hand side)"
        },
        {
          "ancestorTitles": [
            "Selectors",
            "Position selectors",
            "[central]"
          ],
          "duration": 3,
          "failureDetails": [],
          "failureMessages": [],
          "fullName": "Selectors Position selectors [central] should select only phonemes with the \"central\" vector (right-hand side)",
          "invocations": 1,
          "location": null,
          "numPassingAsserts": 1,
          "retryReasons": [],
          "status": "passed",
          "title": "should select only phonemes with the \"central\" vector (right-hand side)"
        },
        {
          "ancestorTitles": [
            "Selectors",
            "Position selectors",
            "[back]"
          ],
          "duration": 3,
          "failureDetails": [],
          "failureMessages": [],
          "fullName": "Selectors Position selectors [back] should select only phonemes with the \"back\" vector (left-hand side)",
          "invocations": 1,
          "location": null,
          "numPassingAsserts": 1,
          "retryReasons": [],
          "status": "passed",
          "title": "should select only phonemes with the \"back\" vector (left-hand side)"
        },
        {
          "ancestorTitles": [
            "Selectors",
            "Position selectors",
            "[back]"
          ],
          "duration": 2,
          "failureDetails": [],
          "failureMessages": [],
          "fullName": "Selectors Position selectors [back] should select only phonemes with the \"back\" vector (right-hand side)",
          "invocations": 1,
          "location": null,
          "numPassingAsserts": 1,
          "retryReasons": [],
          "status": "passed",
          "title": "should select only phonemes with the \"back\" vector (right-hand side)"
        },
        {
          "ancestorTitles": [
            "Selectors",
            "Lip position selectors",
            "[rounded]"
          ],
          "duration": 4,
          "failureDetails": [],
          "failureMessages": [],
          "fullName": "Selectors Lip position selectors [rounded] should select only phonemes with the \"rounded\" vector (left-hand side)",
          "invocations": 1,
          "location": null,
          "numPassingAsserts": 1,
          "retryReasons": [],
          "status": "passed",
          "title": "should select only phonemes with the \"rounded\" vector (left-hand side)"
        },
        {
          "ancestorTitles": [
            "Selectors",
            "Lip position selectors",
            "[rounded]"
          ],
          "duration": 4,
          "failureDetails": [],
          "failureMessages": [],
          "fullName": "Selectors Lip position selectors [rounded] should select only phonemes with the \"rounded\" vector (right-hand side)",
          "invocations": 1,
          "location": null,
          "numPassingAsserts": 1,
          "retryReasons": [],
          "status": "passed",
          "title": "should select only phonemes with the \"rounded\" vector (right-hand side)"
        },
        {
          "ancestorTitles": [
            "Selectors",
            "Lip position selectors",
            "[unrounded]"
          ],
          "duration": 4,
          "failureDetails": [],
          "failureMessages": [],
          "fullName": "Selectors Lip position selectors [unrounded] should select only phonemes with the \"unrounded\" vector (left-hand side)",
          "invocations": 1,
          "location": null,
          "numPassingAsserts": 1,
          "retryReasons": [],
          "status": "passed",
          "title": "should select only phonemes with the \"unrounded\" vector (left-hand side)"
        },
        {
          "ancestorTitles": [
            "Selectors",
            "Lip position selectors",
            "[unrounded]"
          ],
          "duration": 3,
          "failureDetails": [],
          "failureMessages": [],
          "fullName": "Selectors Lip position selectors [unrounded] should select only phonemes with the \"unrounded\" vector (right-hand side)",
          "invocations": 1,
          "location": null,
          "numPassingAsserts": 1,
          "retryReasons": [],
          "status": "passed",
          "title": "should select only phonemes with the \"unrounded\" vector (right-hand side)"
        },
        {
          "ancestorTitles": [
            "Selectors",
            "Special vowel selectors",
            "[diphthong]"
          ],
          "duration": 3,
          "failureDetails": [],
          "failureMessages": [],
          "fullName": "Selectors Special vowel selectors [diphthong] should select only phonemes with the \"diphthong\" vector (left-hand side)",
          "invocations": 1,
          "location": null,
          "numPassingAsserts": 1,
          "retryReasons": [],
          "status": "passed",
          "title": "should select only phonemes with the \"diphthong\" vector (left-hand side)"
        },
        {
          "ancestorTitles": [
            "Selectors",
            "Special vowel selectors",
            "[diphthong]"
          ],
          "duration": 3,
          "failureDetails": [],
          "failureMessages": [],
          "fullName": "Selectors Special vowel selectors [diphthong] should select only phonemes with the \"diphthong\" vector (right-hand side)",
          "invocations": 1,
          "location": null,
          "numPassingAsserts": 1,
          "retryReasons": [],
          "status": "passed",
          "title": "should select only phonemes with the \"diphthong\" vector (right-hand side)"
        },
        {
          "ancestorTitles": [
            "Selectors",
            "Manner of articulation selectors",
            "[plosive]"
          ],
          "duration": 4,
          "failureDetails": [],
          "failureMessages": [],
          "fullName": "Selectors Manner of articulation selectors [plosive] should select only phonemes with the \"plosive\" vector (left-hand side)",
          "invocations": 1,
          "location": null,
          "numPassingAsserts": 1,
          "retryReasons": [],
          "status": "passed",
          "title": "should select only phonemes with the \"plosive\" vector (left-hand side)"
        },
        {
          "ancestorTitles": [
            "Selectors",
            "Manner of articulation selectors",
            "[plosive]"
          ],
          "duration": 3,
          "failureDetails": [],
          "failureMessages": [],
          "fullName": "Selectors Manner of articulation selectors [plosive] should select only phonemes with the \"plosive\" vector (right-hand side)",
          "invocations": 1,
          "location": null,
          "numPassingAsserts": 1,
          "retryReasons": [],
          "status": "passed",
          "title": "should select only phonemes with the \"plosive\" vector (right-hand side)"
        },
        {
          "ancestorTitles": [
            "Selectors",
            "Manner of articulation selectors",
            "[nasal]"
          ],
          "duration": 3,
          "failureDetails": [],
          "failureMessages": [],
          "fullName": "Selectors Manner of articulation selectors [nasal] should select only phonemes with the \"nasal\" vector (left-hand side)",
          "invocations": 1,
          "location": null,
          "numPassingAsserts": 1,
          "retryReasons": [],
          "status": "passed",
          "title": "should select only phonemes with the \"nasal\" vector (left-hand side)"
        },
        {
          "ancestorTitles": [
            "Selectors",
            "Manner of articulation selectors",
            "[nasal]"
          ],
          "duration": 3,
          "failureDetails": [],
          "failureMessages": [],
          "fullName": "Selectors Manner of articulation selectors [nasal] should select only phonemes with the \"nasal\" vector (right-hand side)",
          "invocations": 1,
          "location": null,
          "numPassingAsserts": 1,
          "retryReasons": [],
          "status": "passed",
          "title": "should select only phonemes with the \"nasal\" vector (right-hand side)"
        },
        {
          "ancestorTitles": [
            "Selectors",
            "Manner of articulation selectors",
            "[trill]"
          ],
          "duration": 4,
          "failureDetails": [],
          "failureMessages": [],
          "fullName": "Selectors Manner of articulation selectors [trill] should select only phonemes with the \"trill\" vector (left-hand side)",
          "invocations": 1,
          "location": null,
          "numPassingAsserts": 1,
          "retryReasons": [],
          "status": "passed",
          "title": "should select only phonemes with the \"trill\" vector (left-hand side)"
        },
        {
          "ancestorTitles": [
            "Selectors",
            "Manner of articulation selectors",
            "[trill]"
          ],
          "duration": 3,
          "failureDetails": [],
          "failureMessages": [],
          "fullName": "Selectors Manner of articulation selectors [trill] should select only phonemes with the \"trill\" vector (right-hand side)",
          "invocations": 1,
          "location": null,
          "numPassingAsserts": 1,
          "retryReasons": [],
          "status": "passed",
          "title": "should select only phonemes with the \"trill\" vector (right-hand side)"
        },
        {
          "ancestorTitles": [
            "Selectors",
            "Manner of articulation selectors",
            "[tap]"
          ],
          "duration": 5,
          "failureDetails": [],
          "failureMessages": [],
          "fullName": "Selectors Manner of articulation selectors [tap] should select only phonemes with the \"tap\" vector (left-hand side)",
          "invocations": 1,
          "location": null,
          "numPassingAsserts": 1,
          "retryReasons": [],
          "status": "passed",
          "title": "should select only phonemes with the \"tap\" vector (left-hand side)"
        },
        {
          "ancestorTitles": [
            "Selectors",
            "Manner of articulation selectors",
            "[tap]"
          ],
          "duration": 3,
          "failureDetails": [],
          "failureMessages": [],
          "fullName": "Selectors Manner of articulation selectors [tap] should select only phonemes with the \"tap\" vector (right-hand side)",
          "invocations": 1,
          "location": null,
          "numPassingAsserts": 1,
          "retryReasons": [],
          "status": "passed",
          "title": "should select only phonemes with the \"tap\" vector (right-hand side)"
        },
        {
          "ancestorTitles": [
            "Selectors",
            "Manner of articulation selectors",
            "[fricative]"
          ],
          "duration": 3,
          "failureDetails": [],
          "failureMessages": [],
          "fullName": "Selectors Manner of articulation selectors [fricative] should select only phonemes with the \"fricative\" vector (left-hand side)",
          "invocations": 1,
          "location": null,
          "numPassingAsserts": 1,
          "retryReasons": [],
          "status": "passed",
          "title": "should select only phonemes with the \"fricative\" vector (left-hand side)"
        },
        {
          "ancestorTitles": [
            "Selectors",
            "Manner of articulation selectors",
            "[fricative]"
          ],
          "duration": 2,
          "failureDetails": [],
          "failureMessages": [],
          "fullName": "Selectors Manner of articulation selectors [fricative] should select only phonemes with the \"fricative\" vector (right-hand side)",
          "invocations": 1,
          "location": null,
          "numPassingAsserts": 1,
          "retryReasons": [],
          "status": "passed",
          "title": "should select only phonemes with the \"fricative\" vector (right-hand side)"
        },
        {
          "ancestorTitles": [
            "Selectors",
            "Manner of articulation selectors",
            "[lateral]"
          ],
          "duration": 3,
          "failureDetails": [],
          "failureMessages": [],
          "fullName": "Selectors Manner of articulation selectors [lateral] should select only phonemes with the \"lateral\" vector (left-hand side)",
          "invocations": 1,
          "location": null,
          "numPassingAsserts": 1,
          "retryReasons": [],
          "status": "passed",
          "title": "should select only phonemes with the \"lateral\" vector (left-hand side)"
        },
        {
          "ancestorTitles": [
            "Selectors",
            "Manner of articulation selectors",
            "[lateral]"
          ],
          "duration": 2,
          "failureDetails": [],
          "failureMessages": [],
          "fullName": "Selectors Manner of articulation selectors [lateral] should select only phonemes with the \"lateral\" vector (right-hand side)",
          "invocations": 1,
          "location": null,
          "numPassingAsserts": 1,
          "retryReasons": [],
          "status": "passed",
          "title": "should select only phonemes with the \"lateral\" vector (right-hand side)"
        },
        {
          "ancestorTitles": [
            "Selectors",
            "Manner of articulation selectors",
            "[approximant]"
          ],
          "duration": 4,
          "failureDetails": [],
          "failureMessages": [],
          "fullName": "Selectors Manner of articulation selectors [approximant] should select only phonemes with the \"approximant\" vector (left-hand side)",
          "invocations": 1,
          "location": null,
          "numPassingAsserts": 1,
          "retryReasons": [],
          "status": "passed",
          "title": "should select only phonemes with the \"approximant\" vector (left-hand side)"
        },
        {
          "ancestorTitles": [
            "Selectors",
            "Manner of articulation selectors",
            "[approximant]"
          ],
          "duration": 3,
          "failureDetails": [],
          "failureMessages": [],
          "fullName": "Selectors Manner of articulation selectors [approximant] should select only phonemes with the \"approximant\" vector (right-hand side)",
          "invocations": 1,
          "location": null,
          "numPassingAsserts": 1,
          "retryReasons": [],
          "status": "passed",
          "title": "should select only phonemes with the \"approximant\" vector (right-hand side)"
        },
        {
          "ancestorTitles": [
            "Selectors",
            "Place of articulation selectors",
            "[bilabial]"
          ],
          "duration": 3,
          "failureDetails": [],
          "failureMessages": [],
          "fullName": "Selectors Place of articulation selectors [bilabial] should select only phonemes with the \"bilabial\" vector (left-hand side)",
          "invocations": 1,
          "location": null,
          "numPassingAsserts": 1,
          "retryReasons": [],
          "status": "passed",
          "title": "should select only phonemes with the \"bilabial\" vector (left-hand side)"
        },
        {
          "ancestorTitles": [
            "Selectors",
            "Place of articulation selectors",
            "[bilabial]"
          ],
          "duration": 3,
          "failureDetails": [],
          "failureMessages": [],
          "fullName": "Selectors Place of articulation selectors [bilabial] should select only phonemes with the \"bilabial\" vector (right-hand side)",
          "invocations": 1,
          "location": null,
          "numPassingAsserts": 1,
          "retryReasons": [],
          "status": "passed",
          "title": "should select only phonemes with the \"bilabial\" vector (right-hand side)"
        },
        {
          "ancestorTitles": [
            "Selectors",
            "Place of articulation selectors",
            "[labiodental]"
          ],
          "duration": 3,
          "failureDetails": [],
          "failureMessages": [],
          "fullName": "Selectors Place of articulation selectors [labiodental] should select only phonemes with the \"labiodental\" vector (left-hand side)",
          "invocations": 1,
          "location": null,
          "numPassingAsserts": 1,
          "retryReasons": [],
          "status": "passed",
          "title": "should select only phonemes with the \"labiodental\" vector (left-hand side)"
        },
        {
          "ancestorTitles": [
            "Selectors",
            "Place of articulation selectors",
            "[labiodental]"
          ],
          "duration": 3,
          "failureDetails": [],
          "failureMessages": [],
          "fullName": "Selectors Place of articulation selectors [labiodental] should select only phonemes with the \"labiodental\" vector (right-hand side)",
          "invocations": 1,
          "location": null,
          "numPassingAsserts": 1,
          "retryReasons": [],
          "status": "passed",
          "title": "should select only phonemes with the \"labiodental\" vector (right-hand side)"
        },
        {
          "ancestorTitles": [
            "Selectors",
            "Place of articulation selectors",
            "[dental]"
          ],
          "duration": 4,
          "failureDetails": [],
          "failureMessages": [],
          "fullName": "Selectors Place of articulation selectors [dental] should select only phonemes with the \"dental\" vector (left-hand side)",
          "invocations": 1,
          "location": null,
          "numPassingAsserts": 1,
          "retryReasons": [],
          "status": "passed",
          "title": "should select only phonemes with the \"dental\" vector (left-hand side)"
        },
        {
          "ancestorTitles": [
            "Selectors",
            "Place of articulation selectors",
            "[dental]"
          ],
          "duration": 3,
          "failureDetails": [],
          "failureMessages": [],
          "fullName": "Selectors Place of articulation selectors [dental] should select only phonemes with the \"dental\" vector (right-hand side)",
          "invocations": 1,
          "location": null,
          "numPassingAsserts": 1,
          "retryReasons": [],
          "status": "passed",
          "title": "should select only phonemes with the \"dental\" vector (right-hand side)"
        },
        {
          "ancestorTitles": [
            "Selectors",
            "Place of articulation selectors",
            "[alveolar]"
          ],
          "duration": 3,
          "failureDetails": [],
          "failureMessages": [],
          "fullName": "Selectors Place of articulation selectors [alveolar] should select only phonemes with the \"alveolar\" vector (left-hand side)",
          "invocations": 1,
          "location": null,
          "numPassingAsserts": 1,
          "retryReasons": [],
          "status": "passed",
          "title": "should select only phonemes with the \"alveolar\" vector (left-hand side)"
        },
        {
          "ancestorTitles": [
            "Selectors",
            "Place of articulation selectors",
            "[alveolar]"
          ],
          "duration": 3,
          "failureDetails": [],
          "failureMessages": [],
          "fullName": "Selectors Place of articulation selectors [alveolar] should select only phonemes with the \"alveolar\" vector (right-hand side)",
          "invocations": 1,
          "location": null,
          "numPassingAsserts": 1,
          "retryReasons": [],
          "status": "passed",
          "title": "should select only phonemes with the \"alveolar\" vector (right-hand side)"
        },
        {
          "ancestorTitles": [
            "Selectors",
            "Place of articulation selectors",
            "[postalveolar]"
          ],
          "duration": 3,
          "failureDetails": [],
          "failureMessages": [],
          "fullName": "Selectors Place of articulation selectors [postalveolar] should select only phonemes with the \"postalveolar\" vector (left-hand side)",
          "invocations": 1,
          "location": null,
          "numPassingAsserts": 1,
          "retryReasons": [],
          "status": "passed",
          "title": "should select only phonemes with the \"postalveolar\" vector (left-hand side)"
        },
        {
          "ancestorTitles": [
            "Selectors",
            "Place of articulation selectors",
            "[postalveolar]"
          ],
          "duration": 3,
          "failureDetails": [],
          "failureMessages": [],
          "fullName": "Selectors Place of articulation selectors [postalveolar] should select only phonemes with the \"postalveolar\" vector (right-hand side)",
          "invocations": 1,
          "location": null,
          "numPassingAsserts": 1,
          "retryReasons": [],
          "status": "passed",
          "title": "should select only phonemes with the \"postalveolar\" vector (right-hand side)"
        },
        {
          "ancestorTitles": [
            "Selectors",
            "Place of articulation selectors",
            "[retroflex]"
          ],
          "duration": 3,
          "failureDetails": [],
          "failureMessages": [],
          "fullName": "Selectors Place of articulation selectors [retroflex] should select only phonemes with the \"retroflex\" vector (left-hand side)",
          "invocations": 1,
          "location": null,
          "numPassingAsserts": 1,
          "retryReasons": [],
          "status": "passed",
          "title": "should select only phonemes with the \"retroflex\" vector (left-hand side)"
        },
        {
          "ancestorTitles": [
            "Selectors",
            "Place of articulation selectors",
            "[retroflex]"
          ],
          "duration": 3,
          "failureDetails": [],
          "failureMessages": [],
          "fullName": "Selectors Place of articulation selectors [retroflex] should select only phonemes with the \"retroflex\" vector (right-hand side)",
          "invocations": 1,
          "location": null,
          "numPassingAsserts": 1,
          "retryReasons": [],
          "status": "passed",
          "title": "should select only phonemes with the \"retroflex\" vector (right-hand side)"
        },
        {
          "ancestorTitles": [
            "Selectors",
            "Place of articulation selectors",
            "[palatal]"
          ],
          "duration": 3,
          "failureDetails": [],
          "failureMessages": [],
          "fullName": "Selectors Place of articulation selectors [palatal] should select only phonemes with the \"palatal\" vector (left-hand side)",
          "invocations": 1,
          "location": null,
          "numPassingAsserts": 1,
          "retryReasons": [],
          "status": "passed",
          "title": "should select only phonemes with the \"palatal\" vector (left-hand side)"
        },
        {
          "ancestorTitles": [
            "Selectors",
            "Place of articulation selectors",
            "[palatal]"
          ],
          "duration": 3,
          "failureDetails": [],
          "failureMessages": [],
          "fullName": "Selectors Place of articulation selectors [palatal] should select only phonemes with the \"palatal\" vector (right-hand side)",
          "invocations": 1,
          "location": null,
          "numPassingAsserts": 1,
          "retryReasons": [],
          "status": "passed",
          "title": "should select only phonemes with the \"palatal\" vector (right-hand side)"
        },
        {
          "ancestorTitles": [
            "Selectors",
            "Place of articulation selectors",
            "[velar]"
          ],
          "duration": 3,
          "failureDetails": [],
          "failureMessages": [],
          "fullName": "Selectors Place of articulation selectors [velar] should select only phonemes with the \"velar\" vector (left-hand side)",
          "invocations": 1,
          "location": null,
          "numPassingAsserts": 1,
          "retryReasons": [],
          "status": "passed",
          "title": "should select only phonemes with the \"velar\" vector (left-hand side)"
        },
        {
          "ancestorTitles": [
            "Selectors",
            "Place of articulation selectors",
            "[velar]"
          ],
          "duration": 4,
          "failureDetails": [],
          "failureMessages": [],
          "fullName": "Selectors Place of articulation selectors [velar] should select only phonemes with the \"velar\" vector (right-hand side)",
          "invocations": 1,
          "location": null,
          "numPassingAsserts": 1,
          "retryReasons": [],
          "status": "passed",
          "title": "should select only phonemes with the \"velar\" vector (right-hand side)"
        },
        {
          "ancestorTitles": [
            "Selectors",
            "Place of articulation selectors",
            "[uvular]"
          ],
          "duration": 3,
          "failureDetails": [],
          "failureMessages": [],
          "fullName": "Selectors Place of articulation selectors [uvular] should select only phonemes with the \"uvular\" vector (left-hand side)",
          "invocations": 1,
          "location": null,
          "numPassingAsserts": 1,
          "retryReasons": [],
          "status": "passed",
          "title": "should select only phonemes with the \"uvular\" vector (left-hand side)"
        },
        {
          "ancestorTitles": [
            "Selectors",
            "Place of articulation selectors",
            "[uvular]"
          ],
          "duration": 3,
          "failureDetails": [],
          "failureMessages": [],
          "fullName": "Selectors Place of articulation selectors [uvular] should select only phonemes with the \"uvular\" vector (right-hand side)",
          "invocations": 1,
          "location": null,
          "numPassingAsserts": 1,
          "retryReasons": [],
          "status": "passed",
          "title": "should select only phonemes with the \"uvular\" vector (right-hand side)"
        },
        {
          "ancestorTitles": [
            "Selectors",
            "Place of articulation selectors",
            "[pharyngeal]"
          ],
          "duration": 2,
          "failureDetails": [],
          "failureMessages": [],
          "fullName": "Selectors Place of articulation selectors [pharyngeal] should select only phonemes with the \"pharyngeal\" vector (left-hand side)",
          "invocations": 1,
          "location": null,
          "numPassingAsserts": 1,
          "retryReasons": [],
          "status": "passed",
          "title": "should select only phonemes with the \"pharyngeal\" vector (left-hand side)"
        },
        {
          "ancestorTitles": [
            "Selectors",
            "Place of articulation selectors",
            "[pharyngeal]"
          ],
          "duration": 3,
          "failureDetails": [],
          "failureMessages": [],
          "fullName": "Selectors Place of articulation selectors [pharyngeal] should select only phonemes with the \"pharyngeal\" vector (right-hand side)",
          "invocations": 1,
          "location": null,
          "numPassingAsserts": 1,
          "retryReasons": [],
          "status": "passed",
          "title": "should select only phonemes with the \"pharyngeal\" vector (right-hand side)"
        },
        {
          "ancestorTitles": [
            "Selectors",
            "Place of articulation selectors",
            "[glottal]"
          ],
          "duration": 3,
          "failureDetails": [],
          "failureMessages": [],
          "fullName": "Selectors Place of articulation selectors [glottal] should select only phonemes with the \"glottal\" vector (left-hand side)",
          "invocations": 1,
          "location": null,
          "numPassingAsserts": 1,
          "retryReasons": [],
          "status": "passed",
          "title": "should select only phonemes with the \"glottal\" vector (left-hand side)"
        },
        {
          "ancestorTitles": [
            "Selectors",
            "Place of articulation selectors",
            "[glottal]"
          ],
          "duration": 4,
          "failureDetails": [],
          "failureMessages": [],
          "fullName": "Selectors Place of articulation selectors [glottal] should select only phonemes with the \"glottal\" vector (right-hand side)",
          "invocations": 1,
          "location": null,
          "numPassingAsserts": 1,
          "retryReasons": [],
          "status": "passed",
          "title": "should select only phonemes with the \"glottal\" vector (right-hand side)"
        },
        {
          "ancestorTitles": [
            "Selectors",
            "Voicing selectors",
            "[voiced]"
          ],
          "duration": 3,
          "failureDetails": [],
          "failureMessages": [],
          "fullName": "Selectors Voicing selectors [voiced] should select only phonemes with the \"voiced\" vector (left-hand side)",
          "invocations": 1,
          "location": null,
          "numPassingAsserts": 1,
          "retryReasons": [],
          "status": "passed",
          "title": "should select only phonemes with the \"voiced\" vector (left-hand side)"
        },
        {
          "ancestorTitles": [
            "Selectors",
            "Voicing selectors",
            "[voiced]"
          ],
          "duration": 3,
          "failureDetails": [],
          "failureMessages": [],
          "fullName": "Selectors Voicing selectors [voiced] should select only phonemes with the \"voiced\" vector (right-hand side)",
          "invocations": 1,
          "location": null,
          "numPassingAsserts": 1,
          "retryReasons": [],
          "status": "passed",
          "title": "should select only phonemes with the \"voiced\" vector (right-hand side)"
        },
        {
          "ancestorTitles": [
            "Selectors",
            "Voicing selectors",
            "[voiceless]"
          ],
          "duration": 2,
          "failureDetails": [],
          "failureMessages": [],
          "fullName": "Selectors Voicing selectors [voiceless] should select only phonemes with the \"voiceless\" vector (left-hand side)",
          "invocations": 1,
          "location": null,
          "numPassingAsserts": 1,
          "retryReasons": [],
          "status": "passed",
          "title": "should select only phonemes with the \"voiceless\" vector (left-hand side)"
        },
        {
          "ancestorTitles": [
            "Selectors",
            "Voicing selectors",
            "[voiceless]"
          ],
          "duration": 2,
          "failureDetails": [],
          "failureMessages": [],
          "fullName": "Selectors Voicing selectors [voiceless] should select only phonemes with the \"voiceless\" vector (right-hand side)",
          "invocations": 1,
          "location": null,
          "numPassingAsserts": 1,
          "retryReasons": [],
          "status": "passed",
          "title": "should select only phonemes with the \"voiceless\" vector (right-hand side)"
        }
      ],
      "endTime": 1742505152533,
      "message": "",
      "name": "/Users/ianculleton/Documents/node_projects/baron-linguistics/src/tests/Selectors.test.ts",
      "startTime": 1742505152040,
      "status": "passed",
      "summary": ""
    },
    {
      "assertionResults": [
        {
          "ancestorTitles": [
            "Language",
            "Language.addWord (delegates to Vocabulary.addWord)"
          ],
          "duration": null,
          "failureDetails": [],
          "failureMessages": [],
          "fullName": "Language Language.addWord (delegates to Vocabulary.addWord) should add a word to the language",
          "invocations": 1,
          "location": null,
          "numPassingAsserts": 0,
          "retryReasons": [],
          "status": "pending",
          "title": "should add a word to the language"
        },
        {
          "ancestorTitles": [
            "Language",
            "Language.addPhoneme (delegates to Phonology.addPhoneme)"
          ],
          "duration": null,
          "failureDetails": [],
          "failureMessages": [],
          "fullName": "Language Language.addPhoneme (delegates to Phonology.addPhoneme) should add a phoneme to the language",
          "invocations": 1,
          "location": null,
          "numPassingAsserts": 0,
          "retryReasons": [],
          "status": "pending",
          "title": "should add a phoneme to the language"
        },
        {
          "ancestorTitles": [
            "Language",
            "Language.addPhoneMap (delegates to Phonology.addPhoneMap)"
          ],
          "duration": null,
          "failureDetails": [],
          "failureMessages": [],
          "fullName": "Language Language.addPhoneMap (delegates to Phonology.addPhoneMap) should add a phoneMap (a.k.a. mutation) to the language",
          "invocations": 1,
          "location": null,
          "numPassingAsserts": 0,
          "retryReasons": [],
          "status": "pending",
          "title": "should add a phoneMap (a.k.a. mutation) to the language"
        },
        {
          "ancestorTitles": [
            "Language",
            "Language.addInflection (delegates to Morphology.addBoundMorpheme)"
          ],
          "duration": null,
          "failureDetails": [],
          "failureMessages": [],
          "fullName": "Language Language.addInflection (delegates to Morphology.addBoundMorpheme) should add an inflection to the language",
          "invocations": 1,
          "location": null,
          "numPassingAsserts": 0,
          "retryReasons": [],
          "status": "pending",
          "title": "should add an inflection to the language"
        },
        {
          "ancestorTitles": [
            "Language",
            "Language.addInflection (delegates to Morphology.addBoundMorpheme)"
          ],
          "duration": null,
          "failureDetails": [],
          "failureMessages": [],
          "fullName": "Language Language.addInflection (delegates to Morphology.addBoundMorpheme) should associate an inflection with a set of characteristics",
          "invocations": 1,
          "location": null,
          "numPassingAsserts": 0,
          "retryReasons": [],
          "status": "pending",
          "title": "should associate an inflection with a set of characteristics"
        },
        {
          "ancestorTitles": [
            "Language",
            "Language.updateWord (delegates to Vocabulary.updateWord)"
          ],
          "duration": null,
          "failureDetails": [],
          "failureMessages": [],
          "fullName": "Language Language.updateWord (delegates to Vocabulary.updateWord) should update a word in the language",
          "invocations": 1,
          "location": null,
          "numPassingAsserts": 0,
          "retryReasons": [],
          "status": "pending",
          "title": "should update a word in the language"
        },
        {
          "ancestorTitles": [
            "Language",
            "Language.updatePhoneme (delegates to Phonology.updatePhoneme)"
          ],
          "duration": null,
          "failureDetails": [],
          "failureMessages": [],
          "fullName": "Language Language.updatePhoneme (delegates to Phonology.updatePhoneme) should update a phoneme in the language",
          "invocations": 1,
          "location": null,
          "numPassingAsserts": 0,
          "retryReasons": [],
          "status": "pending",
          "title": "should update a phoneme in the language"
        },
        {
          "ancestorTitles": [
            "Language",
            "Language.updatePhoneMap (delegates to Phonology.updatePhoneMap)"
          ],
          "duration": null,
          "failureDetails": [],
          "failureMessages": [],
          "fullName": "Language Language.updatePhoneMap (delegates to Phonology.updatePhoneMap) should update a phoneMap in the language",
          "invocations": 1,
          "location": null,
          "numPassingAsserts": 0,
          "retryReasons": [],
          "status": "pending",
          "title": "should update a phoneMap in the language"
        },
        {
          "ancestorTitles": [
            "Language",
            "Language.updateInflection (delegates to Morphology.updateBoundMorpheme)"
          ],
          "duration": null,
          "failureDetails": [],
          "failureMessages": [],
          "fullName": "Language Language.updateInflection (delegates to Morphology.updateBoundMorpheme) should update a bound morpheme in the language",
          "invocations": 1,
          "location": null,
          "numPassingAsserts": 0,
          "retryReasons": [],
          "status": "pending",
          "title": "should update a bound morpheme in the language"
        },
        {
          "ancestorTitles": [
            "Language",
            "Language.getWord (delegates to Vocabulary.lookup)"
          ],
          "duration": null,
          "failureDetails": [],
          "failureMessages": [],
          "fullName": "Language Language.getWord (delegates to Vocabulary.lookup) should return an empty array when looking up an empty string",
          "invocations": 1,
          "location": null,
          "numPassingAsserts": 0,
          "retryReasons": [],
          "status": "pending",
          "title": "should return an empty array when looking up an empty string"
        },
        {
          "ancestorTitles": [
            "Language",
            "Language.getWord (delegates to Vocabulary.lookup)"
          ],
          "duration": null,
          "failureDetails": [],
          "failureMessages": [],
          "fullName": "Language Language.getWord (delegates to Vocabulary.lookup) should return an empty array when looking up an unknown word",
          "invocations": 1,
          "location": null,
          "numPassingAsserts": 0,
          "retryReasons": [],
          "status": "pending",
          "title": "should return an empty array when looking up an unknown word"
        },
        {
          "ancestorTitles": [
            "Language",
            "Language.getWord (delegates to Vocabulary.lookup)"
          ],
          "duration": null,
          "failureDetails": [],
          "failureMessages": [],
          "fullName": "Language Language.getWord (delegates to Vocabulary.lookup) should return the correct word",
          "invocations": 1,
          "location": null,
          "numPassingAsserts": 0,
          "retryReasons": [],
          "status": "pending",
          "title": "should return the correct word"
        },
        {
          "ancestorTitles": [
            "Language",
            "Language.getWord (delegates to Vocabulary.lookup)"
          ],
          "duration": null,
          "failureDetails": [],
          "failureMessages": [],
          "fullName": "Language Language.getWord (delegates to Vocabulary.lookup) should return multiple words if the word has multiple categories",
          "invocations": 1,
          "location": null,
          "numPassingAsserts": 0,
          "retryReasons": [],
          "status": "pending",
          "title": "should return multiple words if the word has multiple categories"
        },
        {
          "ancestorTitles": [
            "Language",
            "Language.getPhoneme (delegates to Phonology.lookupPhoneme)"
          ],
          "duration": null,
          "failureDetails": [],
          "failureMessages": [],
          "fullName": "Language Language.getPhoneme (delegates to Phonology.lookupPhoneme) should return an empty array when looking up an empty string",
          "invocations": 1,
          "location": null,
          "numPassingAsserts": 0,
          "retryReasons": [],
          "status": "pending",
          "title": "should return an empty array when looking up an empty string"
        },
        {
          "ancestorTitles": [
            "Language",
            "Language.getPhoneme (delegates to Phonology.lookupPhoneme)"
          ],
          "duration": null,
          "failureDetails": [],
          "failureMessages": [],
          "fullName": "Language Language.getPhoneme (delegates to Phonology.lookupPhoneme) should return an empty array when looking up an unknown phoneme",
          "invocations": 1,
          "location": null,
          "numPassingAsserts": 0,
          "retryReasons": [],
          "status": "pending",
          "title": "should return an empty array when looking up an unknown phoneme"
        },
        {
          "ancestorTitles": [
            "Language",
            "Language.getPhoneme (delegates to Phonology.lookupPhoneme)"
          ],
          "duration": null,
          "failureDetails": [],
          "failureMessages": [],
          "fullName": "Language Language.getPhoneme (delegates to Phonology.lookupPhoneme) should return the correct phoneme",
          "invocations": 1,
          "location": null,
          "numPassingAsserts": 0,
          "retryReasons": [],
          "status": "pending",
          "title": "should return the correct phoneme"
        },
        {
          "ancestorTitles": [
            "Language",
            "Language.getPhoneMap (delegates to Phonology.lookupPhoneMap)"
          ],
          "duration": null,
          "failureDetails": [],
          "failureMessages": [],
          "fullName": "Language Language.getPhoneMap (delegates to Phonology.lookupPhoneMap) should return an empty array when looking up an empty string",
          "invocations": 1,
          "location": null,
          "numPassingAsserts": 0,
          "retryReasons": [],
          "status": "pending",
          "title": "should return an empty array when looking up an empty string"
        },
        {
          "ancestorTitles": [
            "Language",
            "Language.getPhoneMap (delegates to Phonology.lookupPhoneMap)"
          ],
          "duration": null,
          "failureDetails": [],
          "failureMessages": [],
          "fullName": "Language Language.getPhoneMap (delegates to Phonology.lookupPhoneMap) should return an empty array when looking up an unknown phoneMap",
          "invocations": 1,
          "location": null,
          "numPassingAsserts": 0,
          "retryReasons": [],
          "status": "pending",
          "title": "should return an empty array when looking up an unknown phoneMap"
        },
        {
          "ancestorTitles": [
            "Language",
            "Language.getPhoneMap (delegates to Phonology.lookupPhoneMap)"
          ],
          "duration": null,
          "failureDetails": [],
          "failureMessages": [],
          "fullName": "Language Language.getPhoneMap (delegates to Phonology.lookupPhoneMap) should return the correct phoneMap",
          "invocations": 1,
          "location": null,
          "numPassingAsserts": 0,
          "retryReasons": [],
          "status": "pending",
          "title": "should return the correct phoneMap"
        },
        {
          "ancestorTitles": [
            "Language",
            "Language.getPhoneMap (delegates to Phonology.lookupPhoneMap)"
          ],
          "duration": null,
          "failureDetails": [],
          "failureMessages": [],
          "fullName": "Language Language.getPhoneMap (delegates to Phonology.lookupPhoneMap) should return multiple phoneMaps if the phoneMap has multiple categories",
          "invocations": 1,
          "location": null,
          "numPassingAsserts": 0,
          "retryReasons": [],
          "status": "pending",
          "title": "should return multiple phoneMaps if the phoneMap has multiple categories"
        },
        {
          "ancestorTitles": [
            "Language",
            "Language.getInflections (delegates to Phonology.cacheToMorpheme)"
          ],
          "duration": null,
          "failureDetails": [],
          "failureMessages": [],
          "fullName": "Language Language.getInflections (delegates to Phonology.cacheToMorpheme) should return an empty array when looking up an empty string",
          "invocations": 1,
          "location": null,
          "numPassingAsserts": 0,
          "retryReasons": [],
          "status": "pending",
          "title": "should return an empty array when looking up an empty string"
        },
        {
          "ancestorTitles": [
            "Language",
            "Language.getInflections (delegates to Phonology.cacheToMorpheme)"
          ],
          "duration": null,
          "failureDetails": [],
          "failureMessages": [],
          "fullName": "Language Language.getInflections (delegates to Phonology.cacheToMorpheme) should return an empty array when looking up an unknown inflection",
          "invocations": 1,
          "location": null,
          "numPassingAsserts": 0,
          "retryReasons": [],
          "status": "pending",
          "title": "should return an empty array when looking up an unknown inflection"
        },
        {
          "ancestorTitles": [
            "Language",
            "Language.getInflections (delegates to Phonology.cacheToMorpheme)"
          ],
          "duration": null,
          "failureDetails": [],
          "failureMessages": [],
          "fullName": "Language Language.getInflections (delegates to Phonology.cacheToMorpheme) should return the correct inflection",
          "invocations": 1,
          "location": null,
          "numPassingAsserts": 0,
          "retryReasons": [],
          "status": "pending",
          "title": "should return the correct inflection"
        },
        {
          "ancestorTitles": [
            "Language",
            "Language.getInflections (delegates to Phonology.cacheToMorpheme)"
          ],
          "duration": null,
          "failureDetails": [],
          "failureMessages": [],
          "fullName": "Language Language.getInflections (delegates to Phonology.cacheToMorpheme) should return multiple inflections if the inflection has multiple categories",
          "invocations": 1,
          "location": null,
          "numPassingAsserts": 0,
          "retryReasons": [],
          "status": "pending",
          "title": "should return multiple inflections if the inflection has multiple categories"
        },
        {
          "ancestorTitles": [
            "Language",
            "Language.decompose (delegates to Phonology.decompose and Morphology.decompose)"
          ],
          "duration": null,
          "failureDetails": [],
          "failureMessages": [],
          "fullName": "Language Language.decompose (delegates to Phonology.decompose and Morphology.decompose) should decompose a word into phonemes.",
          "invocations": 1,
          "location": null,
          "numPassingAsserts": 0,
          "retryReasons": [],
          "status": "pending",
          "title": "should decompose a word into phonemes."
        },
        {
          "ancestorTitles": [
            "Language",
            "Language.decompose (delegates to Phonology.decompose and Morphology.decompose)"
          ],
          "duration": null,
          "failureDetails": [],
          "failureMessages": [],
          "fullName": "Language Language.decompose (delegates to Phonology.decompose and Morphology.decompose) should decompose a word into morphemes.",
          "invocations": 1,
          "location": null,
          "numPassingAsserts": 0,
          "retryReasons": [],
          "status": "pending",
          "title": "should decompose a word into morphemes."
        },
        {
          "ancestorTitles": [
            "Language",
            "Language.mutate (delegates to Phonology.mutate and Morphology.mutate)"
          ],
          "duration": null,
          "failureDetails": [],
          "failureMessages": [],
          "fullName": "Language Language.mutate (delegates to Phonology.mutate and Morphology.mutate) should mutate a word in the language",
          "invocations": 1,
          "location": null,
          "numPassingAsserts": 0,
          "retryReasons": [],
          "status": "pending",
          "title": "should mutate a word in the language"
        }
      ],
      "coverage": {},
      "endTime": 1742505152592,
      "message": "",
      "name": "/Users/ianculleton/Documents/node_projects/baron-linguistics/src/tests/Language.test.ts",
      "startTime": 1742505152592,
      "status": "skipped",
      "summary": ""
    }
  ],
  "wasInterrupted": false
}